<?xml version="1.0" encoding="UTF-8"?>
<!-- Generated by org.testng.reporters.JUnitXMLReporter -->
<testsuite ignored="0" hostname="Rajeswari" failures="1" tests="1" name="Default test(failed)" time="5.115" errors="0" timestamp="2020-04-28T02:22:38 IST">
  <testcase classname="test.ExtentReportswithTestNG" name="test1" time="0.0">
    <failure type="java.lang.NullPointerException">
      <![CDATA[java.lang.NullPointerException
at test.ExtentReportswithTestNG.test1(ExtentReportswithTestNG.java:51)
at java.base/java.util.ArrayList.forEach(ArrayList.java:1540)
... Removed 27 stack frames]]>
    </failure>
  </testcase> <!-- test1 -->
</testsuite> <!-- Default test(failed) -->
