<?xml version="1.0" encoding="UTF-8"?>
<testng-results ignored="2" total="4" passed="2" failed="0" skipped="0">
  <reporter-output>
  </reporter-output>
  <suite started-at="2020-05-20T04:20:41 IST" name="Suite3" finished-at="2020-05-20T04:20:41 IST" duration-ms="85">
    <groups>
      <group name="regression">
        <method signature="TestNGGroupsDemo.test3()[pri:0, instance:demo.TestNGGroupsDemo@29647f75]" name="test3" class="demo.TestNGGroupsDemo"/>
      </group> <!-- regression -->
      <group name="smoke">
        <method signature="TestNGGroupsDemo.test2()[pri:0, instance:demo.TestNGGroupsDemo@29647f75]" name="test2" class="demo.TestNGGroupsDemo"/>
      </group> <!-- smoke -->
      <group name="sanity">
        <method signature="TestNGGroupsDemo.test2()[pri:0, instance:demo.TestNGGroupsDemo@29647f75]" name="test2" class="demo.TestNGGroupsDemo"/>
        <method signature="TestNGGroupsDemo.test3()[pri:0, instance:demo.TestNGGroupsDemo@29647f75]" name="test3" class="demo.TestNGGroupsDemo"/>
      </group> <!-- sanity -->
    </groups>
    <test started-at="2020-05-20T04:20:41 IST" name="Test3" finished-at="2020-05-20T04:20:41 IST" duration-ms="85">
      <class name="demo.TestNGGroupsDemo">
        <test-method signature="test2()[pri:0, instance:demo.TestNGGroupsDemo@29647f75]" started-at="2020-05-20T04:20:41 IST" name="test2" finished-at="2020-05-20T04:20:41 IST" duration-ms="14" status="PASS">
          <reporter-output>
          </reporter-output>
        </test-method> <!-- test2 -->
        <test-method signature="test3()[pri:0, instance:demo.TestNGGroupsDemo@29647f75]" started-at="2020-05-20T04:20:41 IST" name="test3" finished-at="2020-05-20T04:20:41 IST" duration-ms="3" status="PASS">
          <reporter-output>
          </reporter-output>
        </test-method> <!-- test3 -->
      </class> <!-- demo.TestNGGroupsDemo -->
    </test> <!-- Test3 -->
  </suite> <!-- Suite3 -->
</testng-results>
