<?xml version="1.0" encoding="UTF-8"?>
<!-- Generated by org.testng.reporters.JUnitXMLReporter -->
<testsuite ignored="0" hostname="Rajeswari" failures="0" tests="3" name="Default test" time="0.138" errors="0" timestamp="2020-05-20T03:24:31 IST">
  <testcase classname="listeners.TestNGListenerDemo" name="test1" time="0.028"/>
  <testcase classname="listeners.TestNGListenerDemo" name="test2" time="0.003"/>
  <testcase classname="listeners.TestNGListenerDemo" name="test3" time="0.002"/>
</testsuite> <!-- Default test -->
