<?xml version="1.0" encoding="UTF-8"?>
<!-- Generated by org.testng.reporters.JUnitXMLReporter -->
<testsuite ignored="2" hostname="Rajeswari" failures="0" tests="2" name="Test3" time="0.085" errors="0" timestamp="2020-05-20T04:20:41 IST">
  <testcase classname="demo.TestNGGroupsDemo" name="test2" time="0.014"/>
  <testcase classname="demo.TestNGGroupsDemo" name="test3" time="0.003"/>
  <testcase classname="demo.TestNGGroupsDemo" name="test4" time="0.0">
    <ignored/>
  </testcase> <!-- test4 -->
  <testcase classname="demo.TestNGGroupsDemo" name="test1" time="0.0">
    <ignored/>
  </testcase> <!-- test1 -->
</testsuite> <!-- Test3 -->
